<?xml version="1.0" encoding="UTF-8"?>
<!-- Generated by org.testng.reporters.JUnitReportReporter -->
<testsuite skipped="0" hostname="HMZ" name="com.testautomation.TestRunner.TestRunner" tests="1" failures="0" timestamp="10 Jul 2019 14:11:19 GMT" time="66.184" errors="0">
  <testcase name="runScenario" time="66.184" classname="com.testautomation.TestRunner.TestRunner"/>
</testsuite> <!-- com.testautomation.TestRunner.TestRunner -->
